Using pre-set license
Built from '2021.3/staging' branch; Version is '2021.3.23f1 (213b516bf396) revision 2177873'; Using compiler version '192829333'; Build Type 'Release'
OS: 'Windows 10  (10.0.19045) 64bit Core' Language: 'en' Physical Memory: 16265 MB
BatchMode: 1, IsHumanControllingUs: 0, StartBugReporterOnCrash: 0, Is64bit: 1, IsPro: 1

COMMAND LINE ARGUMENTS:
C:\Program Files\Unity\Hub\Editor\2021.3.23f1\Editor\Unity.exe
-adb2
-batchMode
-noUpm
-name
AssetImportWorker0
-projectPath
F:/School/JumpGuy
-logFile
Logs/AssetImportWorker0.log
-srvPort
60602
Successfully changed project path to: F:/School/JumpGuy
F:/School/JumpGuy
[UnityMemory] Configuration Parameters - Can be set up in boot.config
    "memorysetup-bucket-allocator-granularity=16"
    "memorysetup-bucket-allocator-bucket-count=8"
    "memorysetup-bucket-allocator-block-size=33554432"
    "memorysetup-bucket-allocator-block-count=8"
    "memorysetup-main-allocator-block-size=16777216"
    "memorysetup-thread-allocator-block-size=16777216"
    "memorysetup-gfx-main-allocator-block-size=16777216"
    "memorysetup-gfx-thread-allocator-block-size=16777216"
    "memorysetup-cache-allocator-block-size=4194304"
    "memorysetup-typetree-allocator-block-size=2097152"
    "memorysetup-profiler-bucket-allocator-granularity=16"
    "memorysetup-profiler-bucket-allocator-bucket-count=8"
    "memorysetup-profiler-bucket-allocator-block-size=33554432"
    "memorysetup-profiler-bucket-allocator-block-count=8"
    "memorysetup-profiler-allocator-block-size=16777216"
    "memorysetup-profiler-editor-allocator-block-size=1048576"
    "memorysetup-temp-allocator-size-main=16777216"
    "memorysetup-job-temp-allocator-block-size=2097152"
    "memorysetup-job-temp-allocator-block-size-background=1048576"
    "memorysetup-job-temp-allocator-reduction-small-platforms=262144"
    "memorysetup-temp-allocator-size-background-worker=32768"
    "memorysetup-temp-allocator-size-job-worker=262144"
    "memorysetup-temp-allocator-size-preload-manager=33554432"
    "memorysetup-temp-allocator-size-nav-mesh-worker=65536"
    "memorysetup-temp-allocator-size-audio-worker=65536"
    "memorysetup-temp-allocator-size-cloud-worker=32768"
    "memorysetup-temp-allocator-size-gi-baking-worker=262144"
    "memorysetup-temp-allocator-size-gfx=262144"
Player connection [31636] Host "[IP] 192.168.0.23 [Port] 0 [Flags] 2 [Guid] 3074592130 [EditorId] 3074592130 [Version] 1048832 [Id] WindowsEditor(7,DESKTOP-LMUV88U) [Debug] 1 [PackageName] WindowsEditor [ProjectName] Editor" joined multi-casting on [225.0.0.222:54997]...

Player connection [31636] Host "[IP] 192.168.0.23 [Port] 0 [Flags] 2 [Guid] 3074592130 [EditorId] 3074592130 [Version] 1048832 [Id] WindowsEditor(7,DESKTOP-LMUV88U) [Debug] 1 [PackageName] WindowsEditor [ProjectName] Editor" joined alternative multi-casting on [225.0.0.222:34997]...

Refreshing native plugins compatible for Editor in 111.21 ms, found 4 plugins.
Preloading 0 native plugins for Editor in 0.00 ms.
Initialize engine version: 2021.3.23f1 (213b516bf396)
[Subsystems] Discovering subsystems at path C:/Program Files/Unity/Hub/Editor/2021.3.23f1/Editor/Data/Resources/UnitySubsystems
[Subsystems] Discovering subsystems at path F:/School/JumpGuy/Assets
GfxDevice: creating device client; threaded=0; jobified=0
Direct3D:
    Version:  Direct3D 11.0 [level 11.1]
    Renderer: NVIDIA GeForce RTX 3070 (ID=0x2484)
    Vendor:   NVIDIA
    VRAM:     8032 MB
    Driver:   31.0.15.3598
Initialize mono
Mono path[0] = 'C:/Program Files/Unity/Hub/Editor/2021.3.23f1/Editor/Data/Managed'
Mono path[1] = 'C:/Program Files/Unity/Hub/Editor/2021.3.23f1/Editor/Data/MonoBleedingEdge/lib/mono/unityjit-win32'
Mono config path = 'C:/Program Files/Unity/Hub/Editor/2021.3.23f1/Editor/Data/MonoBleedingEdge/etc'
Using monoOptions --debugger-agent=transport=dt_socket,embedding=1,server=y,suspend=n,address=127.0.0.1:56632
Begin MonoManager ReloadAssembly
Registering precompiled unity dll's ...
Register platform support module: C:/Program Files/Unity/Hub/Editor/2021.3.23f1/Editor/Data/PlaybackEngines/WebGLSupport/UnityEditor.WebGL.Extensions.dll
Register platform support module: C:/Program Files/Unity/Hub/Editor/2021.3.23f1/Editor/Data/PlaybackEngines/AndroidPlayer/UnityEditor.Android.Extensions.dll
Register platform support module: C:/Program Files/Unity/Hub/Editor/2021.3.23f1/Editor/Data/PlaybackEngines/WindowsStandaloneSupport/UnityEditor.WindowsStandalone.Extensions.dll
Registered in 0.006681 seconds.
Native extension for WindowsStandalone target not found
Native extension for Android target not found
Android Extension - Scanning For ADB Devices 220 ms
Native extension for WebGL target not found
Refreshing native plugins compatible for Editor in 114.52 ms, found 4 plugins.
Preloading 0 native plugins for Editor in 0.00 ms.
Mono: successfully reloaded assembly
- Completed reload, in  0.842 seconds
Domain Reload Profiling:
	ReloadAssembly (843ms)
		BeginReloadAssembly (74ms)
			ExecutionOrderSort (0ms)
			DisableScriptedObjects (0ms)
			BackupInstance (0ms)
			ReleaseScriptingObjects (0ms)
			CreateAndSetChildDomain (1ms)
		EndReloadAssembly (679ms)
			LoadAssemblies (73ms)
			RebuildTransferFunctionScriptingTraits (0ms)
			SetupTypeCache (98ms)
			ReleaseScriptCaches (0ms)
			RebuildScriptCaches (23ms)
			SetupLoadedEditorAssemblies (515ms)
				LogAssemblyErrors (0ms)
				InitializePlatformSupportModulesInManaged (290ms)
				SetLoadedEditorAssemblies (0ms)
				RefreshPlugins (115ms)
				BeforeProcessingInitializeOnLoad (1ms)
				ProcessInitializeOnLoadAttributes (75ms)
				ProcessInitializeOnLoadMethodAttributes (34ms)
				AfterProcessingInitializeOnLoad (0ms)
				EditorAssembliesLoaded (0ms)
			ExecutionOrderSort2 (0ms)
			AwakeInstancesAfterBackupRestoration (0ms)
Platform modules already initialized, skipping
Registering precompiled user dll's ...
Registered in 0.004851 seconds.
Begin MonoManager ReloadAssembly
Symbol file LoadedFromMemory doesn't match image F:\School\JumpGuy\Library\PackageCache\com.unity.visualscripting@1.8.0\Editor\VisualScripting.Core\Dependencies\YamlDotNet\Unity.VisualScripting.YamlDotNet.dll
Symbol file LoadedFromMemory doesn't match image F:\School\JumpGuy\Library\PackageCache\com.unity.visualscripting@1.8.0\Editor\VisualScripting.Core\Dependencies\DotNetZip\Unity.VisualScripting.IonicZip.dll
Native extension for WindowsStandalone target not found
Native extension for Android target not found
Native extension for WebGL target not found
Refreshing native plugins compatible for Editor in 111.20 ms, found 4 plugins.
Preloading 0 native plugins for Editor in 0.00 ms.
Mono: successfully reloaded assembly
- Completed reload, in  1.178 seconds
Domain Reload Profiling:
	ReloadAssembly (1178ms)
		BeginReloadAssembly (104ms)
			ExecutionOrderSort (0ms)
			DisableScriptedObjects (5ms)
			BackupInstance (0ms)
			ReleaseScriptingObjects (0ms)
			CreateAndSetChildDomain (18ms)
		EndReloadAssembly (976ms)
			LoadAssemblies (91ms)
			RebuildTransferFunctionScriptingTraits (0ms)
			SetupTypeCache (248ms)
			ReleaseScriptCaches (1ms)
			RebuildScriptCaches (58ms)
			SetupLoadedEditorAssemblies (534ms)
				LogAssemblyErrors (0ms)
				InitializePlatformSupportModulesInManaged (15ms)
				SetLoadedEditorAssemblies (0ms)
				RefreshPlugins (111ms)
				BeforeProcessingInitializeOnLoad (113ms)
				ProcessInitializeOnLoadAttributes (212ms)
				ProcessInitializeOnLoadMethodAttributes (75ms)
				AfterProcessingInitializeOnLoad (6ms)
				EditorAssembliesLoaded (0ms)
			ExecutionOrderSort2 (0ms)
			AwakeInstancesAfterBackupRestoration (4ms)
Platform modules already initialized, skipping
========================================================================
Worker process is ready to serve import requests
Launched and connected shader compiler UnityShaderCompiler.exe after 0.14 seconds
Refreshing native plugins compatible for Editor in 1.05 ms, found 4 plugins.
Preloading 0 native plugins for Editor in 0.00 ms.
Unloading 5214 Unused Serialized files (Serialized files now loaded: 0)
Unloading 55 unused Assets / (1.3 MB). Loaded Objects now: 5654.
Memory consumption went from 206.5 MB to 205.3 MB.
Total: 3.836600 ms (FindLiveObjects: 0.498600 ms CreateObjectMapping: 0.154700 ms MarkObjects: 2.690800 ms  DeleteObjects: 0.491600 ms)

AssetImportParameters requested are different than current active one (requested -> active):
  graphicsApiMask: 2097156 -> 4
  custom:video-decoder-ogg-theora: a1e56fd34408186e4bbccfd4996cb3dc -> 
  custom:container-muxer-webm: aa71ff27fc2769a1b78a27578f13a17b -> 
  custom:container-demuxer-webm: 4f35f7cbe854078d1ac9338744f61a02 -> 
  custom:video-encoder-webm-vp8: eb34c28f22e8b96e1ab97ce403110664 -> 
  custom:audio-encoder-webm-vorbis: bf7c407c2cedff20999df2af8eb42d56 -> 
  custom:framework-win-MediaFoundation: 216162199b28c13a410421893ffa2e32 -> 
  custom:container-demuxer-ogg: 62fdf1f143b41e24485cea50d1cbac27 -> 
  custom:video-decoder-webm-vp8: 9c59270c3fd7afecdb556c50c9e8de78 -> 
  custom:audio-decoder-ogg-vorbis: bf7c407c2cedff20999df2af8eb42d56 -> 
========================================================================
Received Import Request.
  Time since last request: 4131.873954 seconds.
  path: Assets/JumpGuy/Assets
  artifactKey: Guid(526d8ef5aa6d39849a8c0d52e4773d31) Importer(815301076,1909f56bfc062723c751e8b465ee728b)
Start importing Assets/JumpGuy/Assets using Guid(526d8ef5aa6d39849a8c0d52e4773d31) Importer(815301076,1909f56bfc062723c751e8b465ee728b)  -> (artifact id: '3502ecbf8fd1efb7f9117055eaca93c3') in 0.027443 seconds 
========================================================================
Received Import Request.
  Time since last request: 0.000021 seconds.
  path: Assets/JumpGuy
  artifactKey: Guid(15cbd609c5c2fcf459bd7eb0150a96ad) Importer(815301076,1909f56bfc062723c751e8b465ee728b)
Start importing Assets/JumpGuy using Guid(15cbd609c5c2fcf459bd7eb0150a96ad) Importer(815301076,1909f56bfc062723c751e8b465ee728b)  -> (artifact id: '23f7d3319349712018337d9e4d854b9f') in 0.014649 seconds 
========================================================================
Received Import Request.
  Time since last request: 0.000021 seconds.
  path: Assets/JumpGuy/Assets/UniversalRenderPipelineGlobalSettings.asset
  artifactKey: Guid(881d682cc5b037a44b3426f9f7ed97aa) Importer(815301076,1909f56bfc062723c751e8b465ee728b)
Start importing Assets/JumpGuy/Assets/UniversalRenderPipelineGlobalSettings.asset using Guid(881d682cc5b037a44b3426f9f7ed97aa) Importer(815301076,1909f56bfc062723c751e8b465ee728b)  -> (artifact id: '33a949d1ef54dd7ee3471059e31b8617') in 0.034594 seconds 
========================================================================
Received Import Request.
  Time since last request: 0.241401 seconds.
  path: Assets/JumpGuy/Assets/JumpGuy
  artifactKey: Guid(34ad64f9a5a188646bb19c11fe1fdb81) Importer(815301076,1909f56bfc062723c751e8b465ee728b)
Start importing Assets/JumpGuy/Assets/JumpGuy using Guid(34ad64f9a5a188646bb19c11fe1fdb81) Importer(815301076,1909f56bfc062723c751e8b465ee728b)  -> (artifact id: '0b9ac7bbc727eb1c7f6972db1ad34701') in 0.061187 seconds 
========================================================================
Received Import Request.
  Time since last request: 0.939102 seconds.
  path: Assets/JumpGuy/Assets/JumpGuy/Assets
  artifactKey: Guid(e078110199b439747871862dbee65fcd) Importer(815301076,1909f56bfc062723c751e8b465ee728b)
Start importing Assets/JumpGuy/Assets/JumpGuy/Assets using Guid(e078110199b439747871862dbee65fcd) Importer(815301076,1909f56bfc062723c751e8b465ee728b)  -> (artifact id: '45747c6fea9f78f686013422a74ae4b2') in 0.011100 seconds 
========================================================================
Received Import Request.
  Time since last request: 0.037389 seconds.
  path: Assets/JumpGuy/Assets/JumpGuy/Assets/UniversalRenderPipelineGlobalSettings.asset
  artifactKey: Guid(7dc02b4f9f922ba40ac65ccbbbe4a89b) Importer(815301076,1909f56bfc062723c751e8b465ee728b)
Start importing Assets/JumpGuy/Assets/JumpGuy/Assets/UniversalRenderPipelineGlobalSettings.asset using Guid(7dc02b4f9f922ba40ac65ccbbbe4a89b) Importer(815301076,1909f56bfc062723c751e8b465ee728b)  -> (artifact id: '063682750994d6e6213d77f19e47ce95') in 0.012365 seconds 
========================================================================
Received Import Request.
  Time since last request: 2.237996 seconds.
  path: Assets/JumpGuy/Assets/JumpGuy/Assets/JumpGuy
  artifactKey: Guid(3f7cbf70f23d52f41a87570888735f50) Importer(815301076,1909f56bfc062723c751e8b465ee728b)
Start importing Assets/JumpGuy/Assets/JumpGuy/Assets/JumpGuy using Guid(3f7cbf70f23d52f41a87570888735f50) Importer(815301076,1909f56bfc062723c751e8b465ee728b)  -> (artifact id: '86436ad772b18caa2a0de3e26f22c047') in 0.010954 seconds 
========================================================================
Received Import Request.
  Time since last request: 0.509874 seconds.
  path: Assets/JumpGuy/Assets/JumpGuy/Assets/JumpGuy/Assets
  artifactKey: Guid(a67363dc5d7cd6a42ab914a8c6e1a7f4) Importer(815301076,1909f56bfc062723c751e8b465ee728b)
Start importing Assets/JumpGuy/Assets/JumpGuy/Assets/JumpGuy/Assets using Guid(a67363dc5d7cd6a42ab914a8c6e1a7f4) Importer(815301076,1909f56bfc062723c751e8b465ee728b)  -> (artifact id: 'f5c508e8c3bb4580822448f6e04966b4') in 0.047862 seconds 
========================================================================
Received Import Request.
  Time since last request: 0.025781 seconds.
  path: Assets/JumpGuy/Assets/JumpGuy/Assets/JumpGuy/Assets/UniversalRenderPipelineGlobalSettings.asset
  artifactKey: Guid(9474450521b25e642b2aba7f6e9fde25) Importer(815301076,1909f56bfc062723c751e8b465ee728b)
Start importing Assets/JumpGuy/Assets/JumpGuy/Assets/JumpGuy/Assets/UniversalRenderPipelineGlobalSettings.asset using Guid(9474450521b25e642b2aba7f6e9fde25) Importer(815301076,1909f56bfc062723c751e8b465ee728b)  -> (artifact id: '12eb16bd456d3e05475cb388e759c919') in 0.282483 seconds 
========================================================================
Received Import Request.
  Time since last request: 0.144192 seconds.
  path: Assets/JumpGuy/Assets/JumpGuy/Assets/JumpGuy/Assets/JumpGuy
  artifactKey: Guid(fc5c25023e56b764284a48fee9ea047f) Importer(815301076,1909f56bfc062723c751e8b465ee728b)
Start importing Assets/JumpGuy/Assets/JumpGuy/Assets/JumpGuy/Assets/JumpGuy using Guid(fc5c25023e56b764284a48fee9ea047f) Importer(815301076,1909f56bfc062723c751e8b465ee728b)  -> (artifact id: '9ca1346599ceb703bd5c3dcf1ffcf7f7') in 0.137039 seconds 
========================================================================
Received Import Request.
  Time since last request: 0.186426 seconds.
  path: Assets/JumpGuy/Assets/JumpGuy/Assets/JumpGuy/Assets/JumpGuy/Assets
  artifactKey: Guid(0ae0674189046fe4c80f9299acbecb5f) Importer(815301076,1909f56bfc062723c751e8b465ee728b)
Start importing Assets/JumpGuy/Assets/JumpGuy/Assets/JumpGuy/Assets/JumpGuy/Assets using Guid(0ae0674189046fe4c80f9299acbecb5f) Importer(815301076,1909f56bfc062723c751e8b465ee728b)  -> (artifact id: '603c111b31ec12dc7085dfca68f7c343') in 0.010695 seconds 
========================================================================
Received Import Request.
  Time since last request: 0.136267 seconds.
  path: Assets/JumpGuy/Assets/JumpGuy/Assets/JumpGuy/Assets/JumpGuy/Assets/UniversalRenderPipelineGlobalSettings.asset
  artifactKey: Guid(68a8a44fe23f3d3409142d92e939b8a9) Importer(815301076,1909f56bfc062723c751e8b465ee728b)
Start importing Assets/JumpGuy/Assets/JumpGuy/Assets/JumpGuy/Assets/JumpGuy/Assets/UniversalRenderPipelineGlobalSettings.asset using Guid(68a8a44fe23f3d3409142d92e939b8a9) Importer(815301076,1909f56bfc062723c751e8b465ee728b)  -> (artifact id: '569d4a04e24f841d21146a9ce187cbb2') in 0.011137 seconds 
========================================================================
Received Import Request.
  Time since last request: 0.248701 seconds.
  path: Assets/JumpGuy/Assets/JumpGuy/Assets/JumpGuy/Assets/JumpGuy/Assets/JumpGuy
  artifactKey: Guid(639581b82f5a9a64aa06aba04dbf0325) Importer(815301076,1909f56bfc062723c751e8b465ee728b)
Start importing Assets/JumpGuy/Assets/JumpGuy/Assets/JumpGuy/Assets/JumpGuy/Assets/JumpGuy using Guid(639581b82f5a9a64aa06aba04dbf0325) Importer(815301076,1909f56bfc062723c751e8b465ee728b)  -> (artifact id: '8f47425b70bcb96f4a737375c642adc3') in 0.011006 seconds 
========================================================================
Received Import Request.
  Time since last request: 0.330726 seconds.
  path: Assets/JumpGuy/Assets/JumpGuy/Assets/JumpGuy/Assets/JumpGuy/Assets/JumpGuy/Assets
  artifactKey: Guid(ed14b408462e7b948995a06c0583bbb9) Importer(815301076,1909f56bfc062723c751e8b465ee728b)
Start importing Assets/JumpGuy/Assets/JumpGuy/Assets/JumpGuy/Assets/JumpGuy/Assets/JumpGuy/Assets using Guid(ed14b408462e7b948995a06c0583bbb9) Importer(815301076,1909f56bfc062723c751e8b465ee728b)  -> (artifact id: '8aae40de2932433d26a6371e916c1127') in 1.343657 seconds 
========================================================================
Received Import Request.
  Time since last request: 0.000028 seconds.
  path: Assets/JumpGuy/Assets/JumpGuy/Assets/JumpGuy/Assets/JumpGuy/Assets/JumpGuy/Assets/JumpGuy
  artifactKey: Guid(83b4e3110ba700a469af050fbd580fee) Importer(815301076,1909f56bfc062723c751e8b465ee728b)
Start importing Assets/JumpGuy/Assets/JumpGuy/Assets/JumpGuy/Assets/JumpGuy/Assets/JumpGuy/Assets/JumpGuy using Guid(83b4e3110ba700a469af050fbd580fee) Importer(815301076,1909f56bfc062723c751e8b465ee728b)  -> (artifact id: '50b6433a9115704d856091d335ddaf51') in 2.355674 seconds 
========================================================================
Received Import Request.
  Time since last request: 0.000029 seconds.
  path: Assets/JumpGuy/Assets/JumpGuy/Assets/JumpGuy/Assets/JumpGuy/Assets/JumpGuy/Assets/JumpGuy/Assets/JumpGuy/Assets/UniversalRenderPipelineGlobalSettings.asset
  artifactKey: Guid(d73b90bd58310df4494f2faf35867587) Importer(815301076,1909f56bfc062723c751e8b465ee728b)
Start importing Assets/JumpGuy/Assets/JumpGuy/Assets/JumpGuy/Assets/JumpGuy/Assets/JumpGuy/Assets/JumpGuy/Assets/JumpGuy/Assets/UniversalRenderPipelineGlobalSettings.asset using Guid(d73b90bd58310df4494f2faf35867587) Importer(815301076,1909f56bfc062723c751e8b465ee728b)  -> (artifact id: 'c027931c99c72b70987775aa1023cd9e') in 2.506155 seconds 
========================================================================
Received Import Request.
  Time since last request: 0.000023 seconds.
  path: Assets/JumpGuy/Assets/JumpGuy/Assets/JumpGuy/Assets/JumpGuy/Assets/JumpGuy/Assets/JumpGuy/Assets/UniversalRenderPipelineGlobalSettings.asset
  artifactKey: Guid(e2d3694ff46aaf24392f87df9e436745) Importer(815301076,1909f56bfc062723c751e8b465ee728b)
Start importing Assets/JumpGuy/Assets/JumpGuy/Assets/JumpGuy/Assets/JumpGuy/Assets/JumpGuy/Assets/JumpGuy/Assets/UniversalRenderPipelineGlobalSettings.asset using Guid(e2d3694ff46aaf24392f87df9e436745) Importer(815301076,1909f56bfc062723c751e8b465ee728b)  -> (artifact id: '798f9adca8404531cc831a67822e4977') in 0.543653 seconds 
========================================================================
Received Import Request.
  Time since last request: 0.000026 seconds.
  path: Assets/JumpGuy/Assets/JumpGuy/Assets/JumpGuy/Assets/JumpGuy/Assets/JumpGuy/Assets/JumpGuy/Assets/JumpGuy/Assets/JumpGuy
  artifactKey: Guid(6c74475787a23ee4291bdf34bb09c83f) Importer(815301076,1909f56bfc062723c751e8b465ee728b)
Start importing Assets/JumpGuy/Assets/JumpGuy/Assets/JumpGuy/Assets/JumpGuy/Assets/JumpGuy/Assets/JumpGuy/Assets/JumpGuy/Assets/JumpGuy using Guid(6c74475787a23ee4291bdf34bb09c83f) Importer(815301076,1909f56bfc062723c751e8b465ee728b)  -> (artifact id: '8aac6a3b8ac87534eb7c01834b45263f') in 0.018701 seconds 
Editor requested this worker to shutdown with reason: Scaling down because of idle timeout
AssetImportWorker is now disconnected from the server
Process exiting
Exiting without the bug reporter. Application will terminate with return code 0